<?xml version="1.0" encoding="UTF-8"?>
<testsuite xmlns:xsi="http://www.w3.org/2001/XMLSchema-instance" xsi:noNamespaceSchemaLocation="https://maven.apache.org/surefire/maven-surefire-plugin/xsd/surefire-test-report.xsd" name="com.gittigidiyor.test_ui.GittigidiyorUiTest" time="42.942" tests="1" errors="0" skipped="0" failures="1">
  <properties>
[...]
</properties>
  <testcase name="loginMethod on loginMethod(com.gittigidiyor.test_ui.GittigidiyorUiTest)" classname="com.gittigidiyor.test_ui.GittigidiyorUiTest" time="37.563">
    <failure type="java.lang.AssertionError">java.lang.AssertionError
	at com.gittigidiyor.test_ui.GittigidiyorUiTest.loginMethod(GittigidiyorUiTest.java:71)
</failure>
    <system-out><![CDATA[2021-07-15 22:52:36 INFO  Log4j:10 - Test is Starting...
2021-07-15 22:52:43 INFO  Log4j:20 - Opening Page : https://www.gittigidiyor.com/
2021-07-15 22:52:46 INFO  Log4j:20 - Sign in Button clicked
2021-07-15 22:52:46 INFO  Log4j:20 - UserName entered.
2021-07-15 22:52:46 INFO  Log4j:20 - Password  entered.
2021-07-15 22:52:49 INFO  Log4j:20 - Login Button Clicked.
2021-07-15 22:52:50 INFO  Log4j:20 - Login asserted. We logined.
2021-07-15 22:52:50 INFO  Log4j:20 - Expected word written on the Search textbox
2021-07-15 22:52:56 INFO  Log4j:20 - Search button clicked.
Waiting for page to load...
2021-07-15 22:52:56 INFO  Log4j:20 - Scroll down to the bottom of the page
2021-07-15 22:52:59 INFO  Log4j:20 - Scroll up to the pages part og Website.
2021-07-15 22:53:10 INFO  Log4j:20 - Navigate to the second page
2021-07-15 22:53:12 INFO  Log4j:15 - Test is Ending...
]]></system-out>
    <system-err><![CDATA[SLF4J: Failed to load class "org.slf4j.impl.StaticLoggerBinder".
SLF4J: Defaulting to no-operation (NOP) logger implementation
SLF4J: See http://www.slf4j.org/codes.html#StaticLoggerBinder for further details.
Starting ChromeDriver 91.0.4472.19 (1bf021f248676a0b2ab3ee0561d83a59e424c23e-refs/branch-heads/4472@{#288}) on port 13633
Only local connections are allowed.
Please see https://chromedriver.chromium.org/security-considerations for suggestions on keeping ChromeDriver safe.
ChromeDriver was started successfully.
Jul 15, 2021 10:52:36 PM org.openqa.selenium.remote.ProtocolHandshake createSession
INFO: Detected dialect: W3C
]]></system-err>
  </testcase>
</testsuite>